Copyright 1986-2019 Xilinx, Inc. All Rights Reserved.
-------------------------------------------------------------------------------------------------------------------------------------------------------
| Tool Version     : Vivado v.2019.2 (lin64) Build 2708876 Wed Nov  6 21:39:14 MST 2019
| Date             : Mon Feb 22 16:45:10 2021
| Host             : mohammad-pc running 64-bit Ubuntu 18.04.5 LTS
| Command          : report_power -file top_wrapper_power_routed.rpt -pb top_wrapper_power_summary_routed.pb -rpx top_wrapper_power_routed.rpx
| Design           : top_wrapper
| Device           : xc7z020clg484-1
| Design State     : routed
| Grade            : commercial
| Process          : typical
| Characterization : Production
-------------------------------------------------------------------------------------------------------------------------------------------------------

Power Report

Table of Contents
-----------------
1. Summary
1.1 On-Chip Components
1.2 Power Supply Summary
1.3 Confidence Level
2. Settings
2.1 Environment
2.2 Clock Constraints
3. Detailed Reports
3.1 By Hierarchy

1. Summary
----------

+--------------------------+--------------+
| Total On-Chip Power (W)  | 3.339        |
| Design Power Budget (W)  | Unspecified* |
| Power Budget Margin (W)  | NA           |
| Dynamic (W)              | 3.114        |
| Device Static (W)        | 0.225        |
| Effective TJA (C/W)      | 11.5         |
| Max Ambient (C)          | 46.5         |
| Junction Temperature (C) | 63.5         |
| Confidence Level         | Medium       |
| Setting File             | ---          |
| Simulation Activity File | ---          |
| Design Nets Matched      | NA           |
+--------------------------+--------------+
* Specify Design Power Budget using, set_operating_conditions -design_power_budget <value in Watts>


1.1 On-Chip Components
----------------------

+--------------------------+-----------+----------+-----------+-----------------+
| On-Chip                  | Power (W) | Used     | Available | Utilization (%) |
+--------------------------+-----------+----------+-----------+-----------------+
| Clocks                   |     0.221 |        7 |       --- |             --- |
| Slice Logic              |     0.256 |   115109 |       --- |             --- |
|   LUT as Logic           |     0.203 |    31649 |     53200 |           59.49 |
|   Register               |     0.029 |    63320 |    106400 |           59.51 |
|   CARRY4                 |     0.019 |     2939 |     13300 |           22.10 |
|   LUT as Shift Register  |     0.004 |      363 |     17400 |            2.09 |
|   LUT as Distributed RAM |     0.002 |     1394 |     17400 |            8.01 |
|   F7/F8 Muxes            |    <0.001 |      307 |     53200 |            0.58 |
|   Others                 |     0.000 |     2320 |       --- |             --- |
| Signals                  |     0.630 |    93998 |       --- |             --- |
| Block RAM                |     0.074 |      123 |       140 |           87.86 |
| MMCM                     |     0.121 |        1 |         4 |           25.00 |
| DSPs                     |     0.271 |      212 |       220 |           96.36 |
| I/O                      |     0.000 |        1 |       200 |            0.50 |
| PS7                      |     1.540 |        1 |       --- |             --- |
| Static Power             |     0.225 |          |           |                 |
| Total                    |     3.339 |          |           |                 |
+--------------------------+-----------+----------+-----------+-----------------+


1.2 Power Supply Summary
------------------------

+-----------+-------------+-----------+-------------+------------+
| Source    | Voltage (V) | Total (A) | Dynamic (A) | Static (A) |
+-----------+-------------+-----------+-------------+------------+
| Vccint    |       1.000 |     1.488 |       1.447 |      0.041 |
| Vccaux    |       1.800 |     0.090 |       0.067 |      0.023 |
| Vcco33    |       3.300 |     0.000 |       0.000 |      0.000 |
| Vcco25    |       2.500 |     0.000 |       0.000 |      0.000 |
| Vcco18    |       1.800 |     0.000 |       0.000 |      0.000 |
| Vcco15    |       1.500 |     0.000 |       0.000 |      0.000 |
| Vcco135   |       1.350 |     0.000 |       0.000 |      0.000 |
| Vcco12    |       1.200 |     0.000 |       0.000 |      0.000 |
| Vccaux_io |       1.800 |     0.000 |       0.000 |      0.000 |
| Vccbram   |       1.000 |     0.023 |       0.006 |      0.017 |
| MGTAVcc   |       1.000 |     0.000 |       0.000 |      0.000 |
| MGTAVtt   |       1.200 |     0.000 |       0.000 |      0.000 |
| MGTVccaux |       1.800 |     0.000 |       0.000 |      0.000 |
| Vccpint   |       1.000 |     0.786 |       0.729 |      0.057 |
| Vccpaux   |       1.800 |     0.061 |       0.051 |      0.010 |
| Vccpll    |       1.800 |     0.017 |       0.014 |      0.003 |
| Vcco_ddr  |       1.500 |     0.459 |       0.457 |      0.002 |
| Vcco_mio0 |       3.300 |     0.003 |       0.002 |      0.001 |
| Vcco_mio1 |       1.800 |     0.003 |       0.002 |      0.001 |
| Vccadc    |       1.800 |     0.020 |       0.000 |      0.020 |
+-----------+-------------+-----------+-------------+------------+


1.3 Confidence Level
--------------------

+-----------------------------+------------+------------------------------------------------+------------------------------------------------------------------------------------------------------------+
| User Input Data             | Confidence | Details                                        | Action                                                                                                     |
+-----------------------------+------------+------------------------------------------------+------------------------------------------------------------------------------------------------------------+
| Design implementation state | High       | Design is routed                               |                                                                                                            |
| Clock nodes activity        | High       | User specified more than 95% of clocks         |                                                                                                            |
| I/O nodes activity          | High       | User specified more than 95% of inputs         |                                                                                                            |
| Internal nodes activity     | Medium     | User specified less than 25% of internal nodes | Provide missing internal nodes activity with simulation results or by editing the "By Resource Type" views |
| Device models               | High       | Device models are Production                   |                                                                                                            |
|                             |            |                                                |                                                                                                            |
| Overall confidence level    | Medium     |                                                |                                                                                                            |
+-----------------------------+------------+------------------------------------------------+------------------------------------------------------------------------------------------------------------+


2. Settings
-----------

2.1 Environment
---------------

+-----------------------+------------------------+
| Ambient Temp (C)      | 25.0                   |
| ThetaJA (C/W)         | 11.5                   |
| Airflow (LFM)         | 250                    |
| Heat Sink             | none                   |
| ThetaSA (C/W)         | 0.0                    |
| Board Selection       | medium (10"x10")       |
| # of Board Layers     | 8to11 (8 to 11 Layers) |
| Board Temperature (C) | 25.0                   |
+-----------------------+------------------------+


2.2 Clock Constraints
---------------------

+----------------------------+----------------------------------------------------------------+-----------------+
| Clock                      | Domain                                                         | Constraint (ns) |
+----------------------------+----------------------------------------------------------------+-----------------+
| clk_fpga_0                 | top_i/processing_system7_1/inst/FCLK_CLK0                      |            10.0 |
| clk_fpga_0                 | top_i/processing_system7_1/inst/FCLK_CLK_unbuffered[0]         |            10.0 |
| clk_out1_top_dpu_clk_wiz_0 | top_i/hier_dpu_clk/dpu_clk_wiz/inst/clk_out1_top_dpu_clk_wiz_0 |             5.6 |
| clk_out2_top_dpu_clk_wiz_0 | top_i/hier_dpu_clk/dpu_clk_wiz/inst/clk_out2_top_dpu_clk_wiz_0 |            11.1 |
| clkfbout_top_dpu_clk_wiz_0 | top_i/hier_dpu_clk/dpu_clk_wiz/inst/clkfbout_top_dpu_clk_wiz_0 |            50.0 |
+----------------------------+----------------------------------------------------------------+-----------------+


3. Detailed Reports
-------------------

3.1 By Hierarchy
----------------

+--------------------------+-----------+
| Name                     | Power (W) |
+--------------------------+-----------+
| top_wrapper              |     3.114 |
|   top_i                  |     3.114 |
|     dpu_eu_0             |     1.448 |
|       inst               |     1.448 |
|     hier_dpu_clk         |     0.122 |
|       dpu_clk_wiz        |     0.122 |
|     hier_dpu_ghp         |     0.002 |
|       dpu_intc_M_AXI_LPD |     0.002 |
|     processing_system7_1 |     1.542 |
|       inst               |     1.542 |
+--------------------------+-----------+


